<?xml version="1.0" encoding="UTF-8"?>
<!-- Generated by org.testng.reporters.JUnitXMLReporter -->
<testsuite ignored="0" hostname="DESKTOP-2P6A9NL" failures="3" tests="3" name="Test2" time="20.082" errors="0" timestamp="2021-03-17T17:07:54 GMT">
  <testcase classname="pujithaselenium.MavenProject.LoginPageTC" name="AccountVerification" time="6.698">
    <failure type="java.lang.IllegalArgumentException" message="Keys to send should be a not null CharSequence">
      <![CDATA[java.lang.IllegalArgumentException: Keys to send should be a not null CharSequence
at org.openqa.selenium.remote.RemoteWebElement.sendKeys(RemoteWebElement.java:93)
at pujithaselenium.MavenProject.LoginPageTC.AccountVerification(LoginPageTC.java:30)
at java.base/java.util.ArrayList.forEach(ArrayList.java:1511)
... Removed 27 stack frames]]>
    </failure>
  </testcase> <!-- AccountVerification -->
  <testcase classname="pujithaselenium.MavenProject.LoginPageTC" name="AccountVerification" time="3.494">
    <failure type="java.lang.IllegalArgumentException" message="Keys to send should be a not null CharSequence">
      <![CDATA[java.lang.IllegalArgumentException: Keys to send should be a not null CharSequence
at org.openqa.selenium.remote.RemoteWebElement.sendKeys(RemoteWebElement.java:93)
at pujithaselenium.MavenProject.LoginPageTC.AccountVerification(LoginPageTC.java:30)
at java.base/java.util.ArrayList.forEach(ArrayList.java:1511)
... Removed 27 stack frames]]>
    </failure>
  </testcase> <!-- AccountVerification -->
  <testcase classname="pujithaselenium.MavenProject.LoginPageTC" name="AccountVerification" time="6.516">
    <failure type="java.lang.IllegalArgumentException" message="Keys to send should be a not null CharSequence">
      <![CDATA[java.lang.IllegalArgumentException: Keys to send should be a not null CharSequence
at org.openqa.selenium.remote.RemoteWebElement.sendKeys(RemoteWebElement.java:93)
at pujithaselenium.MavenProject.LoginPageTC.AccountVerification(LoginPageTC.java:30)
at java.base/java.util.ArrayList.forEach(ArrayList.java:1511)
... Removed 27 stack frames]]>
    </failure>
  </testcase> <!-- AccountVerification -->
</testsuite> <!-- Test2 -->
