<?xml version="1.0" encoding="UTF-8"?>
<!-- Generated by org.testng.reporters.JUnitXMLReporter -->
<testsuite ignored="0" hostname="DESKTOP-2P6A9NL" failures="3" tests="4" name="Test" time="36.996" errors="0" timestamp="2021-03-12T19:59:15 GMT">
  <testcase classname="pujithaselenium.MavenProject.TitleValidation" name="Validation" time="0.488"/>
  <testcase classname="pujithaselenium.MavenProject.LoginPageTC" name="AccountVerification" time="7.169">
    <failure type="java.lang.IllegalArgumentException" message="Keys to send should be a not null CharSequence">
      <![CDATA[java.lang.IllegalArgumentException: Keys to send should be a not null CharSequence
at org.openqa.selenium.remote.RemoteWebElement.sendKeys(RemoteWebElement.java:93)
at pujithaselenium.MavenProject.LoginPageTC.AccountVerification(LoginPageTC.java:30)
at java.base/java.util.ArrayList.forEach(ArrayList.java:1511)
... Removed 27 stack frames]]>
    </failure>
  </testcase> <!-- AccountVerification -->
  <testcase classname="pujithaselenium.MavenProject.LoginPageTC" name="AccountVerification" time="10.626">
    <failure type="java.lang.IllegalArgumentException" message="Keys to send should be a not null CharSequence">
      <![CDATA[java.lang.IllegalArgumentException: Keys to send should be a not null CharSequence
at org.openqa.selenium.remote.RemoteWebElement.sendKeys(RemoteWebElement.java:93)
at pujithaselenium.MavenProject.LoginPageTC.AccountVerification(LoginPageTC.java:30)
at java.base/java.util.ArrayList.forEach(ArrayList.java:1511)
... Removed 27 stack frames]]>
    </failure>
  </testcase> <!-- AccountVerification -->
  <testcase classname="pujithaselenium.MavenProject.LoginPageTC" name="AccountVerification" time="4.729">
    <failure type="java.lang.IllegalArgumentException" message="Keys to send should be a not null CharSequence">
      <![CDATA[java.lang.IllegalArgumentException: Keys to send should be a not null CharSequence
at org.openqa.selenium.remote.RemoteWebElement.sendKeys(RemoteWebElement.java:93)
at pujithaselenium.MavenProject.LoginPageTC.AccountVerification(LoginPageTC.java:30)
at java.base/java.util.ArrayList.forEach(ArrayList.java:1511)
... Removed 27 stack frames]]>
    </failure>
  </testcase> <!-- AccountVerification -->
</testsuite> <!-- Test -->
